#
# A fatal error has been detected by the Java Runtime Environment:
#
#  Internal Error (os_linux_zero.cpp:270), pid=2764, tid=1090724976
#  fatal error: caught unhandled signal 11
#
# JRE version: 6.0_27-b27
# Java VM: OpenJDK Zero VM (20.0-b12 mixed mode linux-arm )
# Derivative: IcedTea6 1.12.3
# Distribution: Ubuntu 12.04 LTS, package 6b27-1.12.3-0ubuntu1~12.04.1
# If you would like to submit a bug report, please include
# instructions how to reproduce the bug and visit:
#   https://bugs.launchpad.net/ubuntu/+source/openjdk-6/
# The crash happened outside the Java Virtual Machine in native code.
# See problematic frame for where to report the bug.
#

---------------  T H R E A D  ---------------

Current thread (0x41103968):  JavaThread "main" [_thread_in_native, id=2765, stack(0x40eb4000,0x41033000)]

Stack: [0x40eb4000,0x41033000],  sp=0x40f73f04,  free space=767k
Java frames:
 0x41031a14: istate->_thread       = 0x41103968
 0x41031a18: istate->_bcp          = 0x00000000
 0x41031a1c: istate->_locals       = 0x41031a60
 0x41031a20: istate->_constants    = 0x61a4d088
 0x41031a24: istate->_method       = april.jcam.ImageSourceNative.image_source_open_jni(Ljava/lang/String;)I
 0x41031a28: istate->_mdx          = 0x61a46fd0
 0x41031a2c: istate->_stack        = 0x00000002
 0x41031a30: istate->_msg          = 0x00000000
 0x41031a34: istate->_result       = 0x00000000
 0x41031a38: (istate->_result)     = 0x00000000
 0x41031a3c: (istate->_result)     = 0x41200140
 0x41031a40: istate->_prev_link    = 0x41031a0c
 0x41031a44: istate->_oop_temp     = 0x61a4ceb0
 0x41031a48: istate->_stack_base   = 0x41031a14
 0x41031a4c: istate->_stack_limit  = 0x41031a10
 0x41031a50: istate->_monitor_base = 0x41031a14
 0x41031a54: istate->_self_link    = 0x41031a14
 0x41031a58: frame_type            = INTERPRETER_FRAME
 0x41031a5c: next_frame            = 0x41031ab0

 0x41031a60: local[1]              = 0x43237038
 0x41031a64: local[0]              = 0x43270608
 0x41031a68: istate->_thread       = 0x41103968
 0x41031a6c: istate->_bcp          = 0x61a4c01e (bci 6)
 0x41031a70: istate->_locals       = 0x41031ab8
 0x41031a74: istate->_constants    = 0x61a4d088
 0x41031a78: istate->_method       = april.jcam.ImageSourceNative.<init>(Ljava/lang/String;)V
 0x41031a7c: istate->_mdx          = 0x6180c568
 0x41031a80: istate->_stack        = 0x41031a5c
 0x41031a84: istate->_msg          = 0x00000000
 0x41031a88: istate->_result       = 0x00000000
 0x41031a8c: (istate->_result)     = 0x41200174
 0x41031a90: (istate->_result)     = 0x41031a5c
 0x41031a94: istate->_prev_link    = 0x41031a54
 0x41031a98: istate->_oop_temp     = 0x00000000
 0x41031a9c: istate->_stack_base   = 0x41031a68
 0x41031aa0: istate->_stack_limit  = 0x41031a54
 0x41031aa4: istate->_monitor_base = 0x41031a68
 0x41031aa8: istate->_self_link    = 0x41031a68
 0x41031aac: frame_type            = INTERPRETER_FRAME
 0x41031ab0: next_frame            = 0x41031b08

 0x41031ab4: local[2]              = 0x43237038
 0x41031ab8: local[1]              = 0x43270608
 0x41031abc: local[0]              = 0x43270608
 0x41031ac0: istate->_thread       = 0x41103968
 0x41031ac4: istate->_bcp          = 0x61a47079 (bci 41)
 0x41031ac8: istate->_locals       = 0x41031b0c
 0x41031acc: istate->_constants    = 0x61a4cf10
 0x41031ad0: istate->_method       = april.jcam.ImageSource.make(Ljava/lang/String;)Lapril/jcam/ImageSource;
 0x41031ad4: istate->_mdx          = 0x00000000
 0x41031ad8: istate->_stack        = 0x41031ab0
 0x41031adc: istate->_msg          = 0x00000000
 0x41031ae0: istate->_result       = 0x41031aa4
 0x41031ae4: (istate->_result)     = 0x41200140
 0x41031ae8: (istate->_result)     = 0x00000002
 0x41031aec: istate->_prev_link    = 0x41031af8
 0x41031af0: istate->_oop_temp     = 0x00000000
 0x41031af4: istate->_stack_base   = 0x41031ac0
 0x41031af8: istate->_stack_limit  = 0x41031ab0
 0x41031afc: istate->_monitor_base = 0x41031ac0
 0x41031b00: istate->_self_link    = 0x41031ac0
 0x41031b04: frame_type            = INTERPRETER_FRAME
 0x41031b08: next_frame            = 0x41031b58

 0x41031b0c: local[0]              = 0x43237038
 0x41031b10: istate->_thread       = 0x41103968
 0x41031b14: istate->_bcp          = 0x619e2cc6 (bci 126)
 0x41031b18: istate->_locals       = 0x41031b74
 0x41031b1c: istate->_constants    = 0x619e3080
 0x41031b20: istate->_method       = robot.vision.TagTest.main([Ljava/lang/String;)V
 0x41031b24: istate->_mdx          = 0x43237038
 0x41031b28: istate->_stack        = 0x41031b08
 0x41031b2c: istate->_msg          = 0x00000000
 0x41031b30: istate->_result       = 0x00000000
 0x41031b34: (istate->_result)     = 0x41200140
 0x41031b38: (istate->_result)     = 0x41031ba0
 0x41031b3c: istate->_prev_link    = 0x00000001
 0x41031b40: istate->_oop_temp     = 0x00000000
 0x41031b44: istate->_stack_base   = 0x41031b10
 0x41031b48: istate->_stack_limit  = 0x41031af8
 0x41031b4c: istate->_monitor_base = 0x41031b10
 0x41031b50: istate->_self_link    = 0x41031b10
 0x41031b54: frame_type            = INTERPRETER_FRAME
 0x41031b58: next_frame            = 0x41031b80

 0x41031b5c: local[6]              = 0x00000000
 0x41031b60: local[5]              = 0x00000000
 0x41031b64: local[4]              = 0x00000000
 0x41031b68: local[3]              = 0x61a461b0
 0x41031b6c: local[2]              = 0x43237038
 0x41031b70: local[1]              = 0x432548f8
 0x41031b74: local[0]              = 0x43236f50
 0x41031b78: call_wrapper          = 0x41031be0
 0x41031b7c: frame_type            = ENTRY_FRAME
 0x41031b80: next_frame            = 0x00000000


---------------  P R O C E S S  ---------------

Java Threads: ( => current thread )
  0x4116aae8 JavaThread "Low Memory Detector" daemon [_thread_blocked, id=2774, stack(0x665ed000,0x6676d000)]
  0x411681c8 JavaThread "Signal Dispatcher" daemon [_thread_blocked, id=2773, stack(0x66386000,0x66506000)]
  0x4115a368 JavaThread "Finalizer" daemon [_thread_blocked, id=2768, stack(0x66006000,0x66186000)]
  0x41158f88 JavaThread "Reference Handler" daemon [_thread_blocked, id=2767, stack(0x65e00000,0x65f80000)]
=>0x41103968 JavaThread "main" [_thread_in_native, id=2765, stack(0x40eb4000,0x41033000)]

Other Threads:
  0x41156110 VMThread [stack: 0x65b99000,0x65c18000] [id=2766]
  0x4116c7d8 WatcherThread [stack: 0x65c19000,0x65c98000] [id=2775]

VM state:not at safepoint (normal execution)

VM Mutex/Monitor currently owned by a thread: None

Heap
 def new generation   total 4608K, used 449K [0x43200000, 0x43700000, 0x4d400000)
  eden space 4096K,  10% used [0x43200000, 0x432706b0, 0x43600000)
  from space 512K,   0% used [0x43600000, 0x43600000, 0x43680000)
  to   space 512K,   0% used [0x43680000, 0x43680000, 0x43700000)
 tenured generation   total 10496K, used 0K [0x4d400000, 0x4de40000, 0x61800000)
   the space 10496K,   0% used [0x4d400000, 0x4d400000, 0x4d400200, 0x4de40000)
 compacting perm gen  total 4096K, used 2356K [0x61800000, 0x61c00000, 0x65800000)
   the space 4096K,  57% used [0x61800000, 0x61a4d2c0, 0x61a4d400, 0x61c00000)
No shared spaces configured.

Code Cache  [0x41200000, 0x41228000, 0x43200000)
 total_blobs=73 nmethods=0 adapters=59 free_code_cache=33483200 largest_free_block=0

Dynamic libraries:
00008000-00010000 r-xp 00000000 b3:02 150171     /usr/lib/jvm/java-6-openjdk-armhf/jre/bin/java
00017000-00018000 r--p 00007000 b3:02 150171     /usr/lib/jvm/java-6-openjdk-armhf/jre/bin/java
00018000-00019000 rw-p 00008000 b3:02 150171     /usr/lib/jvm/java-6-openjdk-armhf/jre/bin/java
00019000-0003a000 rw-p 00000000 00:00 0          [heap]
40003000-4000b000 rw-s 00000000 00:0f 8811       /tmp/hsperfdata_linaro/2764
4001f000-40036000 r-xp 00000000 b3:02 263289     /lib/arm-linux-gnueabihf/ld-2.15.so
4003d000-4003e000 r--p 00016000 b3:02 263289     /lib/arm-linux-gnueabihf/ld-2.15.so
4003e000-4003f000 rw-p 00017000 b3:02 263289     /lib/arm-linux-gnueabihf/ld-2.15.so
4003f000-40041000 r-xp 00000000 b3:02 150147     /usr/lib/jvm/java-6-openjdk-armhf/jre/lib/arm/jli/libjli.so
40041000-40049000 ---p 00002000 b3:02 150147     /usr/lib/jvm/java-6-openjdk-armhf/jre/lib/arm/jli/libjli.so
40049000-4004a000 r--p 00002000 b3:02 150147     /usr/lib/jvm/java-6-openjdk-armhf/jre/lib/arm/jli/libjli.so
4004a000-4004b000 rw-p 00003000 b3:02 150147     /usr/lib/jvm/java-6-openjdk-armhf/jre/lib/arm/jli/libjli.so
4004b000-4004c000 rw-p 00000000 00:00 0 
4004c000-40051000 r-xp 00000000 b3:02 263299     /lib/arm-linux-gnueabihf/libnss_compat-2.15.so
40051000-40058000 ---p 00005000 b3:02 263299     /lib/arm-linux-gnueabihf/libnss_compat-2.15.so
40058000-40059000 r--p 00004000 b3:02 263299     /lib/arm-linux-gnueabihf/libnss_compat-2.15.so
40059000-4005a000 rw-p 00005000 b3:02 263299     /lib/arm-linux-gnueabihf/libnss_compat-2.15.so
4005a000-4005f000 r-xp 00000000 b3:02 150159     /usr/lib/jvm/java-6-openjdk-armhf/jre/lib/arm/libzip.so
4005f000-40066000 ---p 00005000 b3:02 150159     /usr/lib/jvm/java-6-openjdk-armhf/jre/lib/arm/libzip.so
40066000-40067000 r--p 00004000 b3:02 150159     /usr/lib/jvm/java-6-openjdk-armhf/jre/lib/arm/libzip.so
40067000-40068000 rw-p 00005000 b3:02 150159     /usr/lib/jvm/java-6-openjdk-armhf/jre/lib/arm/libzip.so
40068000-40069000 r--p 002c5000 b3:02 208989     /usr/lib/locale/locale-archive
40069000-40072000 r-xp 00000000 b3:02 263343     /lib/arm-linux-gnueabihf/libusb-1.0.so.0.1.0
40072000-40079000 ---p 00009000 b3:02 263343     /lib/arm-linux-gnueabihf/libusb-1.0.so.0.1.0
40079000-4007a000 r--p 00008000 b3:02 263343     /lib/arm-linux-gnueabihf/libusb-1.0.so.0.1.0
4007a000-4007b000 rw-p 00009000 b3:02 263343     /lib/arm-linux-gnueabihf/libusb-1.0.so.0.1.0
4007c000-4008b000 r-xp 00000000 b3:02 263283     /lib/arm-linux-gnueabihf/libz.so.1.2.3.4
4008b000-40092000 ---p 0000f000 b3:02 263283     /lib/arm-linux-gnueabihf/libz.so.1.2.3.4
40092000-40093000 r--p 0000e000 b3:02 263283     /lib/arm-linux-gnueabihf/libz.so.1.2.3.4
40093000-40094000 rw-p 0000f000 b3:02 263283     /lib/arm-linux-gnueabihf/libz.so.1.2.3.4
40094000-40095000 r--p 00000000 00:00 0 
40095000-4009d000 r-xp 00000000 b3:02 263296     /lib/arm-linux-gnueabihf/libnss_files-2.15.so
4009d000-400a4000 ---p 00008000 b3:02 263296     /lib/arm-linux-gnueabihf/libnss_files-2.15.so
400a4000-400a5000 r--p 00007000 b3:02 263296     /lib/arm-linux-gnueabihf/libnss_files-2.15.so
400a5000-400a6000 rw-p 00008000 b3:02 263296     /lib/arm-linux-gnueabihf/libnss_files-2.15.so
400a8000-400ac000 rw-p 00000000 00:00 0 
400ac000-400ca000 rw-p 00000000 00:00 0 
400ca000-400cd000 r--s 0007f000 b3:02 146801     /usr/lib/jvm/java-6-openjdk-common/jre/lib/jsse.jar
400d2000-400d4000 rw-p 00000000 00:00 0 
400e2000-400e4000 r-xp 00000000 b3:02 263291     /lib/arm-linux-gnueabihf/libdl-2.15.so
400e4000-400eb000 ---p 00002000 b3:02 263291     /lib/arm-linux-gnueabihf/libdl-2.15.so
400eb000-400ec000 r--p 00001000 b3:02 263291     /lib/arm-linux-gnueabihf/libdl-2.15.so
400ec000-400ed000 rw-p 00002000 b3:02 263291     /lib/arm-linux-gnueabihf/libdl-2.15.so
400ed000-400f5000 r-xp 00000000 b3:02 150135     /usr/lib/jvm/java-6-openjdk-armhf/jre/lib/arm/libverify.so
400f5000-400fc000 ---p 00008000 b3:02 150135     /usr/lib/jvm/java-6-openjdk-armhf/jre/lib/arm/libverify.so
400fc000-400fd000 r--p 00007000 b3:02 150135     /usr/lib/jvm/java-6-openjdk-armhf/jre/lib/arm/libverify.so
400fd000-400fe000 rw-p 00008000 b3:02 150135     /usr/lib/jvm/java-6-openjdk-armhf/jre/lib/arm/libverify.so
400fe000-4011b000 r-xp 00000000 b3:02 150122     /usr/lib/jvm/java-6-openjdk-armhf/jre/lib/arm/libjava.so
4011b000-40122000 ---p 0001d000 b3:02 150122     /usr/lib/jvm/java-6-openjdk-armhf/jre/lib/arm/libjava.so
40122000-40123000 r--p 0001c000 b3:02 150122     /usr/lib/jvm/java-6-openjdk-armhf/jre/lib/arm/libjava.so
40123000-40125000 rw-p 0001d000 b3:02 150122     /usr/lib/jvm/java-6-openjdk-armhf/jre/lib/arm/libjava.so
40125000-40126000 rw-p 00000000 00:00 0 
40126000-4012d000 r-xp 00000000 b3:02 263306     /lib/arm-linux-gnueabihf/libnss_nis-2.15.so
4012d000-40134000 ---p 00007000 b3:02 263306     /lib/arm-linux-gnueabihf/libnss_nis-2.15.so
40134000-40135000 r--p 00006000 b3:02 263306     /lib/arm-linux-gnueabihf/libnss_nis-2.15.so
40135000-40136000 rw-p 00007000 b3:02 263306     /lib/arm-linux-gnueabihf/libnss_nis-2.15.so
40136000-40137000 r--s 00007000 b3:02 321178     /usr/share/java/java-atk-wrapper.jar
40137000-4013f000 r-xp 00000000 b3:02 263201     /lib/arm-linux-gnueabihf/libgcc_s.so.1
4013f000-40146000 ---p 00008000 b3:02 263201     /lib/arm-linux-gnueabihf/libgcc_s.so.1
40146000-40147000 r--p 00007000 b3:02 263201     /lib/arm-linux-gnueabihf/libgcc_s.so.1
40147000-40148000 rw-p 00008000 b3:02 263201     /lib/arm-linux-gnueabihf/libgcc_s.so.1
40157000-40158000 rw-p 00000000 00:00 0 
40158000-401ec000 r-xp 00000000 b3:02 267861     /usr/lib/arm-linux-gnueabihf/libstdc++.so.6.0.16
401ec000-401f4000 ---p 00094000 b3:02 267861     /usr/lib/arm-linux-gnueabihf/libstdc++.so.6.0.16
401f4000-401f7000 r--p 00094000 b3:02 267861     /usr/lib/arm-linux-gnueabihf/libstdc++.so.6.0.16
401f7000-401f9000 rw-p 00097000 b3:02 267861     /usr/lib/arm-linux-gnueabihf/libstdc++.so.6.0.16
401f9000-401ff000 rw-p 00000000 00:00 0 
401ff000-40204000 r-xp 00000000 b3:02 263267     /lib/arm-linux-gnueabihf/librt-2.15.so
40204000-4020b000 ---p 00005000 b3:02 263267     /lib/arm-linux-gnueabihf/librt-2.15.so
4020b000-4020c000 r--p 00004000 b3:02 263267     /lib/arm-linux-gnueabihf/librt-2.15.so
4020c000-4020d000 rw-p 00005000 b3:02 263267     /lib/arm-linux-gnueabihf/librt-2.15.so
4020d000-4020f000 r--s 0000f000 b3:02 149338     /usr/lib/jvm/java-6-openjdk-common/jre/lib/ext/pulse-java.jar
4021e000-40222000 r--s 00039000 b3:02 149339     /usr/lib/jvm/java-6-openjdk-common/jre/lib/ext/sunpkcs11.jar
40223000-40230000 r-xp 00000000 b3:02 263342     /lib/arm-linux-gnueabihf/libnsl-2.15.so
40230000-40237000 ---p 0000d000 b3:02 263342     /lib/arm-linux-gnueabihf/libnsl-2.15.so
40237000-40238000 r--p 0000c000 b3:02 263342     /lib/arm-linux-gnueabihf/libnsl-2.15.so
40238000-40239000 rw-p 0000d000 b3:02 263342     /lib/arm-linux-gnueabihf/libnsl-2.15.so
40239000-4023b000 rw-p 00000000 00:00 0 
40246000-40256000 r-xp 00000000 b3:02 263332     /lib/arm-linux-gnueabihf/libpthread-2.15.so
40256000-4025d000 ---p 00010000 b3:02 263332     /lib/arm-linux-gnueabihf/libpthread-2.15.so
4025d000-4025e000 r--p 0000f000 b3:02 263332     /lib/arm-linux-gnueabihf/libpthread-2.15.so
4025e000-4025f000 rw-p 00010000 b3:02 263332     /lib/arm-linux-gnueabihf/libpthread-2.15.so
4025f000-40261000 rw-p 00000000 00:00 0 
40261000-40337000 r-xp 00000000 b3:02 263269     /lib/arm-linux-gnueabihf/libc-2.15.so
40337000-4033f000 ---p 000d6000 b3:02 263269     /lib/arm-linux-gnueabihf/libc-2.15.so
4033f000-40341000 r--p 000d6000 b3:02 263269     /lib/arm-linux-gnueabihf/libc-2.15.so
40341000-40342000 rw-p 000d8000 b3:02 263269     /lib/arm-linux-gnueabihf/libc-2.15.so
40342000-40345000 rw-p 00000000 00:00 0 
40345000-405ca000 r-xp 00000000 b3:02 150134     /usr/lib/jvm/java-6-openjdk-armhf/jre/lib/arm/server/libjvm.so
405ca000-405d2000 ---p 00285000 b3:02 150134     /usr/lib/jvm/java-6-openjdk-armhf/jre/lib/arm/server/libjvm.so
405d2000-405df000 r--p 00285000 b3:02 150134     /usr/lib/jvm/java-6-openjdk-armhf/jre/lib/arm/server/libjvm.so
405df000-405ef000 rw-p 00292000 b3:02 150134     /usr/lib/jvm/java-6-openjdk-armhf/jre/lib/arm/server/libjvm.so
405ef000-40649000 rw-p 00000000 00:00 0 
40649000-406aa000 r-xp 00000000 b3:02 263303     /lib/arm-linux-gnueabihf/libm-2.15.so
406aa000-406b1000 ---p 00061000 b3:02 263303     /lib/arm-linux-gnueabihf/libm-2.15.so
406b1000-406b2000 r--p 00060000 b3:02 263303     /lib/arm-linux-gnueabihf/libm-2.15.so
406b2000-406b3000 rw-p 00061000 b3:02 263303     /lib/arm-linux-gnueabihf/libm-2.15.so
406b3000-40eb3000 rwxp 00000000 00:00 0 
40eb3000-40eb7000 ---p 00000000 00:00 0 
40eb7000-41034000 rw-p 00000000 00:00 0 
41034000-410b3000 rw-p 00000000 00:00 0 
410b3000-410e6000 rw-p 00000000 00:00 0 
410e6000-410e9000 r--s 00077000 b3:02 149341     /usr/lib/jvm/java-6-openjdk-common/jre/lib/ext/localedata.jar
41100000-411fa000 rw-p 00000000 00:00 0 
411fa000-41200000 ---p 00000000 00:00 0 
41200000-41228000 rwxp 00000000 00:00 0 
41228000-43200000 rw-p 00000000 00:00 0 
43200000-43700000 rw-p 00000000 00:00 0 
43700000-4d400000 rw-p 00000000 00:00 0 
4d400000-4de40000 rw-p 00000000 00:00 0 
4de40000-61800000 rw-p 00000000 00:00 0 
61800000-61c00000 rw-p 00000000 00:00 0 
61c00000-65800000 rw-p 00000000 00:00 0 
65800000-65803000 r--s 00031000 b3:02 149337     /usr/lib/jvm/java-6-openjdk-common/jre/lib/ext/sunjce_provider.jar
65803000-65818000 r-xp 00000000 b3:02 205824     /home/linaro/april/lib/libimagesource.so
65818000-6581f000 ---p 00015000 b3:02 205824     /home/linaro/april/lib/libimagesource.so
6581f000-65820000 rw-p 00014000 b3:02 205824     /home/linaro/april/lib/libimagesource.so
65820000-65838000 r-xp 00000000 b3:02 263337     /lib/arm-linux-gnueabihf/libpng12.so.0.46.0
65838000-6583f000 ---p 00018000 b3:02 263337     /lib/arm-linux-gnueabihf/libpng12.so.0.46.0
6583f000-65840000 r--p 00017000 b3:02 263337     /lib/arm-linux-gnueabihf/libpng12.so.0.46.0
65840000-65841000 rw-p 00018000 b3:02 263337     /lib/arm-linux-gnueabihf/libpng12.so.0.46.0
6584f000-65852000 rw-p 00000000 00:00 0 
65852000-658a0000 rw-p 00000000 00:00 0 
658a0000-658a6000 rw-p 00000000 00:00 0 
658a6000-65942000 rw-p 00000000 00:00 0 
65942000-65944000 rw-p 00000000 00:00 0 
65944000-65962000 rw-p 00000000 00:00 0 
65962000-65969000 rw-p 00000000 00:00 0 
65969000-65a06000 rw-p 00000000 00:00 0 
65a06000-65b98000 r--s 037d5000 b3:02 150103     /usr/lib/jvm/java-6-openjdk-armhf/jre/lib/rt.jar
65b98000-65b99000 ---p 00000000 00:00 0 
65b99000-65c18000 rw-p 00000000 00:00 0 
65c18000-65c19000 ---p 00000000 00:00 0 
65c19000-65c98000 rw-p 00000000 00:00 0 
65c98000-65c9a000 r--s 00001000 b3:02 149340     /usr/lib/jvm/java-6-openjdk-common/jre/lib/ext/dnsns.jar
65c9a000-65ca2000 r-xp 00000000 b3:02 268110     /usr/lib/arm-linux-gnueabihf/libraw1394.so.11.0.1
65ca2000-65ca9000 ---p 00008000 b3:02 268110     /usr/lib/arm-linux-gnueabihf/libraw1394.so.11.0.1
65ca9000-65caa000 r--p 00007000 b3:02 268110     /usr/lib/arm-linux-gnueabihf/libraw1394.so.11.0.1
65caa000-65cab000 rw-p 00008000 b3:02 268110     /usr/lib/arm-linux-gnueabihf/libraw1394.so.11.0.1
65d00000-65d21000 rw-p 00000000 00:00 0 
65d21000-65e00000 ---p 00000000 00:00 0 
65e00000-65e03000 ---p 00000000 00:00 0 
65e03000-65f80000 rw-p 00000000 00:00 0 
65f80000-65f83000 r--s 0001d000 b3:02 200339     /usr/local/share/java/lcm.jar
65f83000-65fa7000 r-xp 00000000 b3:02 266713     /usr/lib/arm-linux-gnueabihf/libdc1394.so.22.1.7
65fa7000-65fae000 ---p 00024000 b3:02 266713     /usr/lib/arm-linux-gnueabihf/libdc1394.so.22.1.7
65fae000-65faf000 r--p 00023000 b3:02 266713     /usr/lib/arm-linux-gnueabihf/libdc1394.so.22.1.7
65faf000-65fb0000 rw-p 00024000 b3:02 266713     /usr/lib/arm-linux-gnueabihf/libdc1394.so.22.1.7
65fb0000-65ff0000 rw-p 00000000 00:00 0 
66006000-66009000 ---p 00000000 00:00 0 
66009000-66186000 rw-p 00000000 00:00 0 
66186000-66386000 r--p 00000000 b3:02 208989     /usr/lib/locale/locale-archive
66386000-66389000 ---p 00000000 00:00 0 
66389000-66506000 rw-p 00000000 00:00 0 
66506000-66517000 r--s 0025c000 b3:02 205528     /home/linaro/april/java/april.jar
665ed000-665f0000 ---p 00000000 00:00 0 
665f0000-6676d000 rw-p 00000000 00:00 0 
66800000-668f1000 rw-p 00000000 00:00 0 
668f1000-66900000 ---p 00000000 00:00 0 
66900000-67500000 rw-p 00000000 00:00 0 
67500000-67700000 rw-p 00000000 00:00 0 
67700000-67875000 rw-p 00000000 00:00 0 
67900000-67e21000 rw-p 00000000 00:00 0 
67e21000-67f00000 ---p 00000000 00:00 0 
be9e7000-bea08000 rw-p 00000000 00:00 0          [stack]
ffff0000-ffff1000 r-xp 00000000 00:00 0          [vectors]

VM Arguments:
jvm_args: -ea 
java_command: robot/vision/TagTest --url dc1394://b09d0100af05e6
Launcher Type: SUN_STANDARD

Environment Variables:
CLASSPATH=:/usr/share/java/gluegen-rt.jar:/usr/local/share/java/lcm.jar:/home/linaro/april/java/april.jar:./
PATH=/usr/local/sbin:/usr/local/bin:/usr/sbin:/usr/bin:/sbin:/bin:/usr/games
LD_LIBRARY_PATH=/usr/lib/jvm/java-6-openjdk-armhf/jre/lib/arm/server:/usr/lib/jvm/java-6-openjdk-armhf/jre/lib/arm:/usr/lib/jvm/java-6-openjdk-armhf/jre/../lib/arm::/home/linaro/april/lib
SHELL=/bin/bash

Signal Handlers:
SIGSEGV: [libjvm.so+0x23bcb9], sa_mask[0]=0x7ffbfeff, sa_flags=0x10000004
SIGBUS: [libjvm.so+0x23bcb9], sa_mask[0]=0x7ffbfeff, sa_flags=0x10000004
SIGFPE: [libjvm.so+0x1c7785], sa_mask[0]=0x7ffbfeff, sa_flags=0x10000004
SIGPIPE: [libjvm.so+0x1c7785], sa_mask[0]=0x7ffbfeff, sa_flags=0x10000004
SIGXFSZ: [libjvm.so+0x1c7785], sa_mask[0]=0x7ffbfeff, sa_flags=0x10000004
SIGILL: [libjvm.so+0x1c7785], sa_mask[0]=0x7ffbfeff, sa_flags=0x10000004
SIGUSR1: SIG_DFL, sa_mask[0]=0x00000000, sa_flags=0x00000000
SIGUSR2: [libjvm.so+0x1c78c1], sa_mask[0]=0x00000000, sa_flags=0x10000004
SIGHUP: [libjvm.so+0x1c93e5], sa_mask[0]=0x7ffbfeff, sa_flags=0x10000004
SIGINT: [libjvm.so+0x1c93e5], sa_mask[0]=0x7ffbfeff, sa_flags=0x10000004
SIGTERM: [libjvm.so+0x1c93e5], sa_mask[0]=0x7ffbfeff, sa_flags=0x10000004
SIGQUIT: [libjvm.so+0x1c93e5], sa_mask[0]=0x7ffbfeff, sa_flags=0x10000004


---------------  S Y S T E M  ---------------

OS:Ubuntu 12.11 (precise)
uname:Linux 3.0.60-odroidx #19 SMP Mon Jan 28 10:33:25 KST 2013 armv7l
libc:glibc 2.15 NPTL 2.15 
rlimit: STACK 8192k, CORE 0k, NPROC 7719, NOFILE 4096, AS infinity
load average:2.20 2.37 1.13

/proc/meminfo:
MemTotal:         991268 kB
MemFree:          461496 kB
Buffers:           27284 kB
Cached:           273988 kB
SwapCached:            0 kB
Active:           232000 kB
Inactive:         265580 kB
Active(anon):     196752 kB
Inactive(anon):     3900 kB
Active(file):      35248 kB
Inactive(file):   261680 kB
Unevictable:           0 kB
Mlocked:               0 kB
HighTotal:        293888 kB
HighFree:           1860 kB
LowTotal:         697380 kB
LowFree:          459636 kB
SwapTotal:             0 kB
SwapFree:              0 kB
Dirty:                16 kB
Writeback:             0 kB
AnonPages:        196300 kB
Mapped:            86684 kB
Shmem:              4348 kB
Slab:              16312 kB
SReclaimable:       8708 kB
SUnreclaim:         7604 kB
KernelStack:        2504 kB
PageTables:         5376 kB
NFS_Unstable:          0 kB
Bounce:                0 kB
WritebackTmp:          0 kB
CommitLimit:      495632 kB
Committed_AS:    1800052 kB
VmallocTotal:     122880 kB
VmallocUsed:       10260 kB
VmallocChunk:     111484 kB


CPU:total 4 

Memory: 4k page, physical 991268k(461496k free), swap 0k(0k free)

vm_info: OpenJDK Zero VM (20.0-b12) for linux-arm JRE (1.6.0_27-b27), built on Mar  5 2013 03:26:12 by "buildd" with gcc 4.6.3

time: Sat Apr 20 23:31:45 2013
elapsed time: 1 seconds

