#
# A fatal error has been detected by the Java Runtime Environment:
#
#  Internal Error (os_linux_zero.cpp:270), pid=2783, tid=1090155632
#  fatal error: caught unhandled signal 11
#
# JRE version: 6.0_27-b27
# Java VM: OpenJDK Zero VM (20.0-b12 mixed mode linux-arm )
# Derivative: IcedTea6 1.12.3
# Distribution: Ubuntu 12.04 LTS, package 6b27-1.12.3-0ubuntu1~12.04.1
# If you would like to submit a bug report, please include
# instructions how to reproduce the bug and visit:
#   https://bugs.launchpad.net/ubuntu/+source/openjdk-6/
# The crash happened outside the Java Virtual Machine in native code.
# See problematic frame for where to report the bug.
#

---------------  T H R E A D  ---------------

Current thread (0x41103968):  JavaThread "main" [_thread_in_native, id=2784, stack(0x40e29000,0x40fa8000)]

Stack: [0x40e29000,0x40fa8000],  sp=0x40ee8f04,  free space=767k
Java frames:
 0x40fa6a14: istate->_thread       = 0x41103968
 0x40fa6a18: istate->_bcp          = 0x00000000
 0x40fa6a1c: istate->_locals       = 0x40fa6a60
 0x40fa6a20: istate->_constants    = 0x61a4d088
 0x40fa6a24: istate->_method       = april.jcam.ImageSourceNative.image_source_open_jni(Ljava/lang/String;)I
 0x40fa6a28: istate->_mdx          = 0x61a46fd0
 0x40fa6a2c: istate->_stack        = 0x00000002
 0x40fa6a30: istate->_msg          = 0x00000000
 0x40fa6a34: istate->_result       = 0x00000000
 0x40fa6a38: (istate->_result)     = 0x00000000
 0x40fa6a3c: (istate->_result)     = 0x41200140
 0x40fa6a40: istate->_prev_link    = 0x40fa6a0c
 0x40fa6a44: istate->_oop_temp     = 0x61a4ceb0
 0x40fa6a48: istate->_stack_base   = 0x40fa6a14
 0x40fa6a4c: istate->_stack_limit  = 0x40fa6a10
 0x40fa6a50: istate->_monitor_base = 0x40fa6a14
 0x40fa6a54: istate->_self_link    = 0x40fa6a14
 0x40fa6a58: frame_type            = INTERPRETER_FRAME
 0x40fa6a5c: next_frame            = 0x40fa6ab0

 0x40fa6a60: local[1]              = 0x43237038
 0x40fa6a64: local[0]              = 0x43270608
 0x40fa6a68: istate->_thread       = 0x41103968
 0x40fa6a6c: istate->_bcp          = 0x61a4c01e (bci 6)
 0x40fa6a70: istate->_locals       = 0x40fa6ab8
 0x40fa6a74: istate->_constants    = 0x61a4d088
 0x40fa6a78: istate->_method       = april.jcam.ImageSourceNative.<init>(Ljava/lang/String;)V
 0x40fa6a7c: istate->_mdx          = 0x6180c568
 0x40fa6a80: istate->_stack        = 0x40fa6a5c
 0x40fa6a84: istate->_msg          = 0x00000000
 0x40fa6a88: istate->_result       = 0x00000000
 0x40fa6a8c: (istate->_result)     = 0x41200174
 0x40fa6a90: (istate->_result)     = 0x40fa6a5c
 0x40fa6a94: istate->_prev_link    = 0x40fa6a54
 0x40fa6a98: istate->_oop_temp     = 0x00000000
 0x40fa6a9c: istate->_stack_base   = 0x40fa6a68
 0x40fa6aa0: istate->_stack_limit  = 0x40fa6a54
 0x40fa6aa4: istate->_monitor_base = 0x40fa6a68
 0x40fa6aa8: istate->_self_link    = 0x40fa6a68
 0x40fa6aac: frame_type            = INTERPRETER_FRAME
 0x40fa6ab0: next_frame            = 0x40fa6b08

 0x40fa6ab4: local[2]              = 0x43237038
 0x40fa6ab8: local[1]              = 0x43270608
 0x40fa6abc: local[0]              = 0x43270608
 0x40fa6ac0: istate->_thread       = 0x41103968
 0x40fa6ac4: istate->_bcp          = 0x61a47079 (bci 41)
 0x40fa6ac8: istate->_locals       = 0x40fa6b0c
 0x40fa6acc: istate->_constants    = 0x61a4cf10
 0x40fa6ad0: istate->_method       = april.jcam.ImageSource.make(Ljava/lang/String;)Lapril/jcam/ImageSource;
 0x40fa6ad4: istate->_mdx          = 0x00000000
 0x40fa6ad8: istate->_stack        = 0x40fa6ab0
 0x40fa6adc: istate->_msg          = 0x00000000
 0x40fa6ae0: istate->_result       = 0x40fa6aa4
 0x40fa6ae4: (istate->_result)     = 0x41200140
 0x40fa6ae8: (istate->_result)     = 0x00000002
 0x40fa6aec: istate->_prev_link    = 0x40fa6af8
 0x40fa6af0: istate->_oop_temp     = 0x00000000
 0x40fa6af4: istate->_stack_base   = 0x40fa6ac0
 0x40fa6af8: istate->_stack_limit  = 0x40fa6ab0
 0x40fa6afc: istate->_monitor_base = 0x40fa6ac0
 0x40fa6b00: istate->_self_link    = 0x40fa6ac0
 0x40fa6b04: frame_type            = INTERPRETER_FRAME
 0x40fa6b08: next_frame            = 0x40fa6b58

 0x40fa6b0c: local[0]              = 0x43237038
 0x40fa6b10: istate->_thread       = 0x41103968
 0x40fa6b14: istate->_bcp          = 0x619e2cc6 (bci 126)
 0x40fa6b18: istate->_locals       = 0x40fa6b74
 0x40fa6b1c: istate->_constants    = 0x619e3080
 0x40fa6b20: istate->_method       = robot.vision.TagTest.main([Ljava/lang/String;)V
 0x40fa6b24: istate->_mdx          = 0x43237038
 0x40fa6b28: istate->_stack        = 0x40fa6b08
 0x40fa6b2c: istate->_msg          = 0x00000000
 0x40fa6b30: istate->_result       = 0x00000000
 0x40fa6b34: (istate->_result)     = 0x41200140
 0x40fa6b38: (istate->_result)     = 0x40fa6ba0
 0x40fa6b3c: istate->_prev_link    = 0x00000001
 0x40fa6b40: istate->_oop_temp     = 0x00000000
 0x40fa6b44: istate->_stack_base   = 0x40fa6b10
 0x40fa6b48: istate->_stack_limit  = 0x40fa6af8
 0x40fa6b4c: istate->_monitor_base = 0x40fa6b10
 0x40fa6b50: istate->_self_link    = 0x40fa6b10
 0x40fa6b54: frame_type            = INTERPRETER_FRAME
 0x40fa6b58: next_frame            = 0x40fa6b80

 0x40fa6b5c: local[6]              = 0x00000000
 0x40fa6b60: local[5]              = 0x00000000
 0x40fa6b64: local[4]              = 0x00000000
 0x40fa6b68: local[3]              = 0x61a461b0
 0x40fa6b6c: local[2]              = 0x43237038
 0x40fa6b70: local[1]              = 0x432548f8
 0x40fa6b74: local[0]              = 0x43236f50
 0x40fa6b78: call_wrapper          = 0x40fa6be0
 0x40fa6b7c: frame_type            = ENTRY_FRAME
 0x40fa6b80: next_frame            = 0x00000000


---------------  P R O C E S S  ---------------

Java Threads: ( => current thread )
  0x4116aae8 JavaThread "Low Memory Detector" daemon [_thread_blocked, id=2789, stack(0x66837000,0x669b7000)]
  0x411681c8 JavaThread "Signal Dispatcher" daemon [_thread_blocked, id=2788, stack(0x66600000,0x66780000)]
  0x4115a368 JavaThread "Finalizer" daemon [_thread_blocked, id=2787, stack(0x6604b000,0x661cb000)]
  0x41158f88 JavaThread "Reference Handler" daemon [_thread_blocked, id=2786, stack(0x65e00000,0x65f80000)]
=>0x41103968 JavaThread "main" [_thread_in_native, id=2784, stack(0x40e29000,0x40fa8000)]

Other Threads:
  0x41156110 VMThread [stack: 0x65b91000,0x65c10000] [id=2785]
  0x4116c738 WatcherThread [stack: 0x65c11000,0x65c90000] [id=2790]

VM state:not at safepoint (normal execution)

VM Mutex/Monitor currently owned by a thread: None

Heap
 def new generation   total 4608K, used 449K [0x43200000, 0x43700000, 0x4d400000)
  eden space 4096K,  10% used [0x43200000, 0x432706b0, 0x43600000)
  from space 512K,   0% used [0x43600000, 0x43600000, 0x43680000)
  to   space 512K,   0% used [0x43680000, 0x43680000, 0x43700000)
 tenured generation   total 10496K, used 0K [0x4d400000, 0x4de40000, 0x61800000)
   the space 10496K,   0% used [0x4d400000, 0x4d400000, 0x4d400200, 0x4de40000)
 compacting perm gen  total 4096K, used 2356K [0x61800000, 0x61c00000, 0x65800000)
   the space 4096K,  57% used [0x61800000, 0x61a4d2c0, 0x61a4d400, 0x61c00000)
No shared spaces configured.

Code Cache  [0x41200000, 0x41228000, 0x43200000)
 total_blobs=73 nmethods=0 adapters=59 free_code_cache=33483200 largest_free_block=0

Dynamic libraries:
00008000-00010000 r-xp 00000000 b3:02 150171     /usr/lib/jvm/java-6-openjdk-armhf/jre/bin/java
00017000-00018000 r--p 00007000 b3:02 150171     /usr/lib/jvm/java-6-openjdk-armhf/jre/bin/java
00018000-00019000 rw-p 00008000 b3:02 150171     /usr/lib/jvm/java-6-openjdk-armhf/jre/bin/java
00019000-0003a000 rw-p 00000000 00:00 0          [heap]
40015000-40016000 r--s 00007000 b3:02 321178     /usr/share/java/java-atk-wrapper.jar
40025000-40026000 r--p 00000000 00:00 0 
4002a000-4002c000 rw-p 00000000 00:00 0 
40038000-40039000 r--p 002c5000 b3:02 208989     /usr/lib/locale/locale-archive
4003c000-40053000 r-xp 00000000 b3:02 263289     /lib/arm-linux-gnueabihf/ld-2.15.so
4005a000-4005b000 r--p 00016000 b3:02 263289     /lib/arm-linux-gnueabihf/ld-2.15.so
4005b000-4005c000 rw-p 00017000 b3:02 263289     /lib/arm-linux-gnueabihf/ld-2.15.so
4005f000-40061000 r-xp 00000000 b3:02 150147     /usr/lib/jvm/java-6-openjdk-armhf/jre/lib/arm/jli/libjli.so
40061000-40069000 ---p 00002000 b3:02 150147     /usr/lib/jvm/java-6-openjdk-armhf/jre/lib/arm/jli/libjli.so
40069000-4006a000 r--p 00002000 b3:02 150147     /usr/lib/jvm/java-6-openjdk-armhf/jre/lib/arm/jli/libjli.so
4006a000-4006b000 rw-p 00003000 b3:02 150147     /usr/lib/jvm/java-6-openjdk-armhf/jre/lib/arm/jli/libjli.so
40070000-40071000 rw-p 00000000 00:00 0 
40071000-4007e000 r-xp 00000000 b3:02 263342     /lib/arm-linux-gnueabihf/libnsl-2.15.so
4007e000-40085000 ---p 0000d000 b3:02 263342     /lib/arm-linux-gnueabihf/libnsl-2.15.so
40085000-40086000 r--p 0000c000 b3:02 263342     /lib/arm-linux-gnueabihf/libnsl-2.15.so
40086000-40087000 rw-p 0000d000 b3:02 263342     /lib/arm-linux-gnueabihf/libnsl-2.15.so
40087000-40089000 rw-p 00000000 00:00 0 
4008d000-40095000 r-xp 00000000 b3:02 150135     /usr/lib/jvm/java-6-openjdk-armhf/jre/lib/arm/libverify.so
40095000-4009c000 ---p 00008000 b3:02 150135     /usr/lib/jvm/java-6-openjdk-armhf/jre/lib/arm/libverify.so
4009c000-4009d000 r--p 00007000 b3:02 150135     /usr/lib/jvm/java-6-openjdk-armhf/jre/lib/arm/libverify.so
4009d000-4009e000 rw-p 00008000 b3:02 150135     /usr/lib/jvm/java-6-openjdk-armhf/jre/lib/arm/libverify.so
4009e000-4009f000 rw-p 00000000 00:00 0 
400a7000-400a9000 r-xp 00000000 b3:02 263291     /lib/arm-linux-gnueabihf/libdl-2.15.so
400a9000-400b0000 ---p 00002000 b3:02 263291     /lib/arm-linux-gnueabihf/libdl-2.15.so
400b0000-400b1000 r--p 00001000 b3:02 263291     /lib/arm-linux-gnueabihf/libdl-2.15.so
400b1000-400b2000 rw-p 00002000 b3:02 263291     /lib/arm-linux-gnueabihf/libdl-2.15.so
400b2000-400c1000 r-xp 00000000 b3:02 263283     /lib/arm-linux-gnueabihf/libz.so.1.2.3.4
400c1000-400c8000 ---p 0000f000 b3:02 263283     /lib/arm-linux-gnueabihf/libz.so.1.2.3.4
400c8000-400c9000 r--p 0000e000 b3:02 263283     /lib/arm-linux-gnueabihf/libz.so.1.2.3.4
400c9000-400ca000 rw-p 0000f000 b3:02 263283     /lib/arm-linux-gnueabihf/libz.so.1.2.3.4
400ca000-400cc000 rw-p 00000000 00:00 0 
400cc000-400ce000 r--s 0000f000 b3:02 149338     /usr/lib/jvm/java-6-openjdk-common/jre/lib/ext/pulse-java.jar
400ce000-400d6000 r-xp 00000000 b3:02 268110     /usr/lib/arm-linux-gnueabihf/libraw1394.so.11.0.1
400d6000-400dd000 ---p 00008000 b3:02 268110     /usr/lib/arm-linux-gnueabihf/libraw1394.so.11.0.1
400dd000-400de000 r--p 00007000 b3:02 268110     /usr/lib/arm-linux-gnueabihf/libraw1394.so.11.0.1
400de000-400df000 rw-p 00008000 b3:02 268110     /usr/lib/arm-linux-gnueabihf/libraw1394.so.11.0.1
400e2000-400e7000 r-xp 00000000 b3:02 263267     /lib/arm-linux-gnueabihf/librt-2.15.so
400e7000-400ee000 ---p 00005000 b3:02 263267     /lib/arm-linux-gnueabihf/librt-2.15.so
400ee000-400ef000 r--p 00004000 b3:02 263267     /lib/arm-linux-gnueabihf/librt-2.15.so
400ef000-400f0000 rw-p 00005000 b3:02 263267     /lib/arm-linux-gnueabihf/librt-2.15.so
400f0000-400f8000 rw-s 00000000 00:0f 8829       /tmp/hsperfdata_linaro/2783
400fc000-40104000 r-xp 00000000 b3:02 263201     /lib/arm-linux-gnueabihf/libgcc_s.so.1
40104000-4010b000 ---p 00008000 b3:02 263201     /lib/arm-linux-gnueabihf/libgcc_s.so.1
4010b000-4010c000 r--p 00007000 b3:02 263201     /lib/arm-linux-gnueabihf/libgcc_s.so.1
4010c000-4010d000 rw-p 00008000 b3:02 263201     /lib/arm-linux-gnueabihf/libgcc_s.so.1
4010d000-401a1000 r-xp 00000000 b3:02 267861     /usr/lib/arm-linux-gnueabihf/libstdc++.so.6.0.16
401a1000-401a9000 ---p 00094000 b3:02 267861     /usr/lib/arm-linux-gnueabihf/libstdc++.so.6.0.16
401a9000-401ac000 r--p 00094000 b3:02 267861     /usr/lib/arm-linux-gnueabihf/libstdc++.so.6.0.16
401ac000-401ae000 rw-p 00097000 b3:02 267861     /usr/lib/arm-linux-gnueabihf/libstdc++.so.6.0.16
401ae000-401b4000 rw-p 00000000 00:00 0 
401b4000-401b8000 r--s 00039000 b3:02 149339     /usr/lib/jvm/java-6-openjdk-common/jre/lib/ext/sunpkcs11.jar
401bb000-401cb000 r-xp 00000000 b3:02 263332     /lib/arm-linux-gnueabihf/libpthread-2.15.so
401cb000-401d2000 ---p 00010000 b3:02 263332     /lib/arm-linux-gnueabihf/libpthread-2.15.so
401d2000-401d3000 r--p 0000f000 b3:02 263332     /lib/arm-linux-gnueabihf/libpthread-2.15.so
401d3000-401d4000 rw-p 00010000 b3:02 263332     /lib/arm-linux-gnueabihf/libpthread-2.15.so
401d4000-401d6000 rw-p 00000000 00:00 0 
401d6000-402ac000 r-xp 00000000 b3:02 263269     /lib/arm-linux-gnueabihf/libc-2.15.so
402ac000-402b4000 ---p 000d6000 b3:02 263269     /lib/arm-linux-gnueabihf/libc-2.15.so
402b4000-402b6000 r--p 000d6000 b3:02 263269     /lib/arm-linux-gnueabihf/libc-2.15.so
402b6000-402b7000 rw-p 000d8000 b3:02 263269     /lib/arm-linux-gnueabihf/libc-2.15.so
402b7000-402ba000 rw-p 00000000 00:00 0 
402ba000-4053f000 r-xp 00000000 b3:02 150134     /usr/lib/jvm/java-6-openjdk-armhf/jre/lib/arm/server/libjvm.so
4053f000-40547000 ---p 00285000 b3:02 150134     /usr/lib/jvm/java-6-openjdk-armhf/jre/lib/arm/server/libjvm.so
40547000-40554000 r--p 00285000 b3:02 150134     /usr/lib/jvm/java-6-openjdk-armhf/jre/lib/arm/server/libjvm.so
40554000-40564000 rw-p 00292000 b3:02 150134     /usr/lib/jvm/java-6-openjdk-armhf/jre/lib/arm/server/libjvm.so
40564000-405be000 rw-p 00000000 00:00 0 
405be000-4061f000 r-xp 00000000 b3:02 263303     /lib/arm-linux-gnueabihf/libm-2.15.so
4061f000-40626000 ---p 00061000 b3:02 263303     /lib/arm-linux-gnueabihf/libm-2.15.so
40626000-40627000 r--p 00060000 b3:02 263303     /lib/arm-linux-gnueabihf/libm-2.15.so
40627000-40628000 rw-p 00061000 b3:02 263303     /lib/arm-linux-gnueabihf/libm-2.15.so
40628000-40e28000 rwxp 00000000 00:00 0 
40e28000-40e2c000 ---p 00000000 00:00 0 
40e2c000-40fa8000 rw-p 00000000 00:00 0 
40fa8000-40fc5000 r-xp 00000000 b3:02 150122     /usr/lib/jvm/java-6-openjdk-armhf/jre/lib/arm/libjava.so
40fc5000-40fcc000 ---p 0001d000 b3:02 150122     /usr/lib/jvm/java-6-openjdk-armhf/jre/lib/arm/libjava.so
40fcc000-40fcd000 r--p 0001c000 b3:02 150122     /usr/lib/jvm/java-6-openjdk-armhf/jre/lib/arm/libjava.so
40fcd000-40fcf000 rw-p 0001d000 b3:02 150122     /usr/lib/jvm/java-6-openjdk-armhf/jre/lib/arm/libjava.so
40fcf000-40fd4000 r-xp 00000000 b3:02 263299     /lib/arm-linux-gnueabihf/libnss_compat-2.15.so
40fd4000-40fdb000 ---p 00005000 b3:02 263299     /lib/arm-linux-gnueabihf/libnss_compat-2.15.so
40fdb000-40fdc000 r--p 00004000 b3:02 263299     /lib/arm-linux-gnueabihf/libnss_compat-2.15.so
40fdc000-40fdd000 rw-p 00005000 b3:02 263299     /lib/arm-linux-gnueabihf/libnss_compat-2.15.so
40fdd000-40fe4000 r-xp 00000000 b3:02 263306     /lib/arm-linux-gnueabihf/libnss_nis-2.15.so
40fe4000-40feb000 ---p 00007000 b3:02 263306     /lib/arm-linux-gnueabihf/libnss_nis-2.15.so
40feb000-40fec000 r--p 00006000 b3:02 263306     /lib/arm-linux-gnueabihf/libnss_nis-2.15.so
40fec000-40fed000 rw-p 00007000 b3:02 263306     /lib/arm-linux-gnueabihf/libnss_nis-2.15.so
40fed000-40ff5000 r-xp 00000000 b3:02 263296     /lib/arm-linux-gnueabihf/libnss_files-2.15.so
40ff5000-40ffc000 ---p 00008000 b3:02 263296     /lib/arm-linux-gnueabihf/libnss_files-2.15.so
40ffc000-40ffd000 r--p 00007000 b3:02 263296     /lib/arm-linux-gnueabihf/libnss_files-2.15.so
40ffd000-40ffe000 rw-p 00008000 b3:02 263296     /lib/arm-linux-gnueabihf/libnss_files-2.15.so
40ffe000-41003000 r-xp 00000000 b3:02 150159     /usr/lib/jvm/java-6-openjdk-armhf/jre/lib/arm/libzip.so
41003000-4100a000 ---p 00005000 b3:02 150159     /usr/lib/jvm/java-6-openjdk-armhf/jre/lib/arm/libzip.so
4100a000-4100b000 r--p 00004000 b3:02 150159     /usr/lib/jvm/java-6-openjdk-armhf/jre/lib/arm/libzip.so
4100b000-4100c000 rw-p 00005000 b3:02 150159     /usr/lib/jvm/java-6-openjdk-armhf/jre/lib/arm/libzip.so
4100c000-4100d000 rw-p 00000000 00:00 0 
4100d000-4108c000 rw-p 00000000 00:00 0 
4108c000-4108f000 rw-p 00000000 00:00 0 
4108f000-410ad000 rw-p 00000000 00:00 0 
410ad000-410e0000 rw-p 00000000 00:00 0 
410e0000-410e3000 r--s 00077000 b3:02 149341     /usr/lib/jvm/java-6-openjdk-common/jre/lib/ext/localedata.jar
41100000-411fa000 rw-p 00000000 00:00 0 
411fa000-41200000 ---p 00000000 00:00 0 
41200000-41228000 rwxp 00000000 00:00 0 
41228000-43200000 rw-p 00000000 00:00 0 
43200000-43700000 rw-p 00000000 00:00 0 
43700000-4d400000 rw-p 00000000 00:00 0 
4d400000-4de40000 rw-p 00000000 00:00 0 
4de40000-61800000 rw-p 00000000 00:00 0 
61800000-61c00000 rw-p 00000000 00:00 0 
61c00000-65800000 rw-p 00000000 00:00 0 
65800000-65806000 rw-p 00000000 00:00 0 
65806000-658a3000 rw-p 00000000 00:00 0 
658a3000-658a6000 r--s 00031000 b3:02 149337     /usr/lib/jvm/java-6-openjdk-common/jre/lib/ext/sunjce_provider.jar
658a6000-658be000 r-xp 00000000 b3:02 263337     /lib/arm-linux-gnueabihf/libpng12.so.0.46.0
658be000-658c5000 ---p 00018000 b3:02 263337     /lib/arm-linux-gnueabihf/libpng12.so.0.46.0
658c5000-658c6000 r--p 00017000 b3:02 263337     /lib/arm-linux-gnueabihf/libpng12.so.0.46.0
658c6000-658c7000 rw-p 00018000 b3:02 263337     /lib/arm-linux-gnueabihf/libpng12.so.0.46.0
658c7000-658d0000 r-xp 00000000 b3:02 263343     /lib/arm-linux-gnueabihf/libusb-1.0.so.0.1.0
658d0000-658d7000 ---p 00009000 b3:02 263343     /lib/arm-linux-gnueabihf/libusb-1.0.so.0.1.0
658d7000-658d8000 r--p 00008000 b3:02 263343     /lib/arm-linux-gnueabihf/libusb-1.0.so.0.1.0
658d8000-658d9000 rw-p 00009000 b3:02 263343     /lib/arm-linux-gnueabihf/libusb-1.0.so.0.1.0
658ea000-658ed000 rw-p 00000000 00:00 0 
658ed000-6593b000 rw-p 00000000 00:00 0 
6593b000-65941000 rw-p 00000000 00:00 0 
65941000-659dd000 rw-p 00000000 00:00 0 
659dd000-659df000 rw-p 00000000 00:00 0 
659df000-659fd000 rw-p 00000000 00:00 0 
659fd000-659fe000 rw-p 00000000 00:00 0 
659fe000-65b90000 r--s 037d5000 b3:02 150103     /usr/lib/jvm/java-6-openjdk-armhf/jre/lib/rt.jar
65b90000-65b91000 ---p 00000000 00:00 0 
65b91000-65c10000 rw-p 00000000 00:00 0 
65c10000-65c11000 ---p 00000000 00:00 0 
65c11000-65c90000 rw-p 00000000 00:00 0 
65c90000-65c92000 r--s 00001000 b3:02 149340     /usr/lib/jvm/java-6-openjdk-common/jre/lib/ext/dnsns.jar
65c92000-65cb6000 r-xp 00000000 b3:02 266713     /usr/lib/arm-linux-gnueabihf/libdc1394.so.22.1.7
65cb6000-65cbd000 ---p 00024000 b3:02 266713     /usr/lib/arm-linux-gnueabihf/libdc1394.so.22.1.7
65cbd000-65cbe000 r--p 00023000 b3:02 266713     /usr/lib/arm-linux-gnueabihf/libdc1394.so.22.1.7
65cbe000-65cbf000 rw-p 00024000 b3:02 266713     /usr/lib/arm-linux-gnueabihf/libdc1394.so.22.1.7
65cbf000-65cff000 rw-p 00000000 00:00 0 
65d00000-65d21000 rw-p 00000000 00:00 0 
65d21000-65e00000 ---p 00000000 00:00 0 
65e00000-65e03000 ---p 00000000 00:00 0 
65e03000-65f80000 rw-p 00000000 00:00 0 
65f80000-65f83000 r--s 0001d000 b3:02 200339     /usr/local/share/java/lcm.jar
66025000-66036000 r--s 0025c000 b3:02 205528     /home/linaro/april/java/april.jar
6604b000-6604e000 ---p 00000000 00:00 0 
6604e000-661cb000 rw-p 00000000 00:00 0 
661cb000-661ce000 r--s 0007f000 b3:02 146801     /usr/lib/jvm/java-6-openjdk-common/jre/lib/jsse.jar
661ce000-662aa000 rw-p 00000000 00:00 0 
662b1000-662c6000 r-xp 00000000 b3:02 205824     /home/linaro/april/lib/libimagesource.so
662c6000-662cd000 ---p 00015000 b3:02 205824     /home/linaro/april/lib/libimagesource.so
662cd000-662ce000 rw-p 00014000 b3:02 205824     /home/linaro/april/lib/libimagesource.so
66300000-66321000 rw-p 00000000 00:00 0 
66321000-66400000 ---p 00000000 00:00 0 
66400000-66600000 r--p 00000000 b3:02 208989     /usr/lib/locale/locale-archive
66600000-66603000 ---p 00000000 00:00 0 
66603000-66780000 rw-p 00000000 00:00 0 
66837000-6683a000 ---p 00000000 00:00 0 
6683a000-669b7000 rw-p 00000000 00:00 0 
66a00000-66af1000 rw-p 00000000 00:00 0 
66af1000-66b00000 ---p 00000000 00:00 0 
66b00000-675a3000 rw-p 00000000 00:00 0 
675a3000-67600000 ---p 00000000 00:00 0 
beed1000-beef2000 rw-p 00000000 00:00 0          [stack]
ffff0000-ffff1000 r-xp 00000000 00:00 0          [vectors]

VM Arguments:
jvm_args: -ea 
java_command: robot/vision/TagTest --url dc1394://b09d0100af05e6
Launcher Type: SUN_STANDARD

Environment Variables:
CLASSPATH=:/usr/share/java/gluegen-rt.jar:/usr/local/share/java/lcm.jar:/home/linaro/april/java/april.jar:./
PATH=/usr/local/sbin:/usr/local/bin:/usr/sbin:/usr/bin:/sbin:/bin:/usr/games
LD_LIBRARY_PATH=/usr/lib/jvm/java-6-openjdk-armhf/jre/lib/arm/server:/usr/lib/jvm/java-6-openjdk-armhf/jre/lib/arm:/usr/lib/jvm/java-6-openjdk-armhf/jre/../lib/arm::/home/linaro/april/lib
SHELL=/bin/bash

Signal Handlers:
SIGSEGV: [libjvm.so+0x23bcb9], sa_mask[0]=0x7ffbfeff, sa_flags=0x10000004
SIGBUS: [libjvm.so+0x23bcb9], sa_mask[0]=0x7ffbfeff, sa_flags=0x10000004
SIGFPE: [libjvm.so+0x1c7785], sa_mask[0]=0x7ffbfeff, sa_flags=0x10000004
SIGPIPE: [libjvm.so+0x1c7785], sa_mask[0]=0x7ffbfeff, sa_flags=0x10000004
SIGXFSZ: [libjvm.so+0x1c7785], sa_mask[0]=0x7ffbfeff, sa_flags=0x10000004
SIGILL: [libjvm.so+0x1c7785], sa_mask[0]=0x7ffbfeff, sa_flags=0x10000004
SIGUSR1: SIG_DFL, sa_mask[0]=0x00000000, sa_flags=0x00000000
SIGUSR2: [libjvm.so+0x1c78c1], sa_mask[0]=0x00000000, sa_flags=0x10000004
SIGHUP: [libjvm.so+0x1c93e5], sa_mask[0]=0x7ffbfeff, sa_flags=0x10000004
SIGINT: [libjvm.so+0x1c93e5], sa_mask[0]=0x7ffbfeff, sa_flags=0x10000004
SIGTERM: [libjvm.so+0x1c93e5], sa_mask[0]=0x7ffbfeff, sa_flags=0x10000004
SIGQUIT: [libjvm.so+0x1c93e5], sa_mask[0]=0x7ffbfeff, sa_flags=0x10000004


---------------  S Y S T E M  ---------------

OS:Ubuntu 12.11 (precise)
uname:Linux 3.0.60-odroidx #19 SMP Mon Jan 28 10:33:25 KST 2013 armv7l
libc:glibc 2.15 NPTL 2.15 
rlimit: STACK 8192k, CORE 0k, NPROC 7719, NOFILE 4096, AS infinity
load average:1.86 2.28 1.13

/proc/meminfo:
MemTotal:         991268 kB
MemFree:          470540 kB
Buffers:           27284 kB
Cached:           274016 kB
SwapCached:            0 kB
Active:           223972 kB
Inactive:         264432 kB
Active(anon):     187548 kB
Inactive(anon):     3900 kB
Active(file):      36424 kB
Inactive(file):   260532 kB
Unevictable:           0 kB
Mlocked:               0 kB
HighTotal:        293888 kB
HighFree:           1860 kB
LowTotal:         697380 kB
LowFree:          468680 kB
SwapTotal:             0 kB
SwapFree:              0 kB
Dirty:                16 kB
Writeback:            20 kB
AnonPages:        187148 kB
Mapped:            86700 kB
Shmem:              4348 kB
Slab:              16368 kB
SReclaimable:       8712 kB
SUnreclaim:         7656 kB
KernelStack:        2488 kB
PageTables:         5328 kB
NFS_Unstable:          0 kB
Bounce:                0 kB
WritebackTmp:          0 kB
CommitLimit:      495632 kB
Committed_AS:    1799416 kB
VmallocTotal:     122880 kB
VmallocUsed:       10260 kB
VmallocChunk:     111484 kB


CPU:total 4 

Memory: 4k page, physical 991268k(470540k free), swap 0k(0k free)

vm_info: OpenJDK Zero VM (20.0-b12) for linux-arm JRE (1.6.0_27-b27), built on Mar  5 2013 03:26:12 by "buildd" with gcc 4.6.3

time: Sat Apr 20 23:32:04 2013
elapsed time: 0 seconds

