#
# A fatal error has been detected by the Java Runtime Environment:
#
#  Internal Error (os_linux_zero.cpp:270), pid=3256, tid=1093223536
#  fatal error: caught unhandled signal 11
#
# JRE version: 6.0_27-b27
# Java VM: OpenJDK Zero VM (20.0-b12 mixed mode linux-arm )
# Derivative: IcedTea6 1.12.3
# Distribution: Ubuntu 12.04 LTS, package 6b27-1.12.3-0ubuntu1~12.04.1
# If you would like to submit a bug report, please include
# instructions how to reproduce the bug and visit:
#   https://bugs.launchpad.net/ubuntu/+source/openjdk-6/
# The crash happened outside the Java Virtual Machine in native code.
# See problematic frame for where to report the bug.
#

---------------  T H R E A D  ---------------

Current thread (0x41303978):  JavaThread "main" [_thread_in_native, id=3257, stack(0x40e96000,0x41295000)]

Stack: [0x40e96000,0x41295000],  sp=0x41095f04,  free space=2047k
Java frames:
 0x41293a1c: istate->_thread       = 0x41303978
 0x41293a20: istate->_bcp          = 0x00000000
 0x41293a24: istate->_locals       = 0x41293a68
 0x41293a28: istate->_constants    = 0x61cc91b0
 0x41293a2c: istate->_method       = april.jcam.ImageSourceNative.image_source_open_jni(Ljava/lang/String;)I
 0x41293a30: istate->_mdx          = 0x61cc26e8
 0x41293a34: istate->_stack        = 0x412939f8
 0x41293a38: istate->_msg          = 0x00000000
 0x41293a3c: istate->_result       = 0x00000000
 0x41293a40: (istate->_result)     = 0x412939f8
 0x41293a44: (istate->_result)     = 0x41400140
 0x41293a48: istate->_prev_link    = 0x41293a08
 0x41293a4c: istate->_oop_temp     = 0x61cc9048
 0x41293a50: istate->_stack_base   = 0x41293a1c
 0x41293a54: istate->_stack_limit  = 0x41293a18
 0x41293a58: istate->_monitor_base = 0x41293a1c
 0x41293a5c: istate->_self_link    = 0x41293a1c
 0x41293a60: frame_type            = INTERPRETER_FRAME
 0x41293a64: next_frame            = 0x41293ab8

 0x41293a68: local[1]              = 0x434d0738
 0x41293a6c: local[0]              = 0x434e4638
 0x41293a70: istate->_thread       = 0x41303978
 0x41293a74: istate->_bcp          = 0x61cc81b6 (bci 6)
 0x41293a78: istate->_locals       = 0x41293ac0
 0x41293a7c: istate->_constants    = 0x61cc91b0
 0x41293a80: istate->_method       = april.jcam.ImageSourceNative.<init>(Ljava/lang/String;)V
 0x41293a84: istate->_mdx          = 0x61a8c568
 0x41293a88: istate->_stack        = 0x41293a64
 0x41293a8c: istate->_msg          = 0x00000000
 0x41293a90: istate->_result       = 0x00000000
 0x41293a94: (istate->_result)     = 0x41400174
 0x41293a98: (istate->_result)     = 0x41400140
 0x41293a9c: istate->_prev_link    = 0x00000000
 0x41293aa0: istate->_oop_temp     = 0x00000000
 0x41293aa4: istate->_stack_base   = 0x41293a70
 0x41293aa8: istate->_stack_limit  = 0x41293a5c
 0x41293aac: istate->_monitor_base = 0x41293a70
 0x41293ab0: istate->_self_link    = 0x41293a70
 0x41293ab4: frame_type            = INTERPRETER_FRAME
 0x41293ab8: next_frame            = 0x41293b10

 0x41293abc: local[2]              = 0x434d0738
 0x41293ac0: local[1]              = 0x434e4638
 0x41293ac4: local[0]              = 0x434e4638
 0x41293ac8: istate->_thread       = 0x41303978
 0x41293acc: istate->_bcp          = 0x61cc2791 (bci 41)
 0x41293ad0: istate->_locals       = 0x41293b14
 0x41293ad4: istate->_constants    = 0x61cc90a8
 0x41293ad8: istate->_method       = april.jcam.ImageSource.make(Ljava/lang/String;)Lapril/jcam/ImageSource;
 0x41293adc: istate->_mdx          = 0x00000000
 0x41293ae0: istate->_stack        = 0x41293ab8
 0x41293ae4: istate->_msg          = 0x00000000
 0x41293ae8: istate->_result       = 0x434b83e0
 0x41293aec: (istate->_result)     = 0x41400140
 0x41293af0: (istate->_result)     = 0x434aa6c0
 0x41293af4: istate->_prev_link    = 0x41097060
 0x41293af8: istate->_oop_temp     = 0x00000000
 0x41293afc: istate->_stack_base   = 0x41293ac8
 0x41293b00: istate->_stack_limit  = 0x41293ab8
 0x41293b04: istate->_monitor_base = 0x41293ac8
 0x41293b08: istate->_self_link    = 0x41293ac8
 0x41293b0c: frame_type            = INTERPRETER_FRAME
 0x41293b10: next_frame            = 0x41293b60

 0x41293b14: local[0]              = 0x434d0738
 0x41293b18: istate->_thread       = 0x41303978
 0x41293b1c: istate->_bcp          = 0x61c63f24 (bci 140)
 0x41293b20: istate->_locals       = 0x41293b74
 0x41293b24: istate->_constants    = 0x61cc1c40
 0x41293b28: istate->_method       = robot.vision.HumanMatchBot.main([Ljava/lang/String;)V
 0x41293b2c: istate->_mdx          = 0x00000001
 0x41293b30: istate->_stack        = 0x41293b10
 0x41293b34: istate->_msg          = 0x00000000
 0x41293b38: istate->_result       = 0x41293ba0
 0x41293b3c: (istate->_result)     = 0x41400140
 0x41293b40: (istate->_result)     = 0x41303978
 0x41293b44: istate->_prev_link    = 0x41293b90
 0x41293b48: istate->_oop_temp     = 0x00000000
 0x41293b4c: istate->_stack_base   = 0x41293b18
 0x41293b50: istate->_stack_limit  = 0x41293afc
 0x41293b54: istate->_monitor_base = 0x41293b18
 0x41293b58: istate->_self_link    = 0x41293b18
 0x41293b5c: frame_type            = INTERPRETER_FRAME
 0x41293b60: next_frame            = 0x41293b80

 0x41293b64: local[4]              = 0x00000000
 0x41293b68: local[3]              = 0x00000000
 0x41293b6c: local[2]              = 0x434d0738
 0x41293b70: local[1]              = 0x434e44f8
 0x41293b74: local[0]              = 0x434d0700
 0x41293b78: call_wrapper          = 0x41293be0
 0x41293b7c: frame_type            = ENTRY_FRAME
 0x41293b80: next_frame            = 0x00000000


---------------  P R O C E S S  ---------------

Java Threads: ( => current thread )
  0x4136b2d0 JavaThread "Low Memory Detector" daemon [_thread_blocked, id=3262, stack(0x672f1000,0x676f1000)]
  0x41368a20 JavaThread "Signal Dispatcher" daemon [_thread_blocked, id=3261, stack(0x66e00000,0x67200000)]
  0x4135a378 JavaThread "Finalizer" daemon [_thread_blocked, id=3260, stack(0x66542000,0x66942000)]
  0x41358f98 JavaThread "Reference Handler" daemon [_thread_blocked, id=3259, stack(0x66100000,0x66500000)]
=>0x41303978 JavaThread "main" [_thread_in_native, id=3257, stack(0x40e96000,0x41295000)]

Other Threads:
  0x41356120 VMThread [stack: 0x65df7000,0x65e76000] [id=3258]
  0x4136cf40 WatcherThread [stack: 0x65e77000,0x65ef6000] [id=3263]

VM state:not at safepoint (normal execution)

VM Mutex/Monitor currently owned by a thread: None

Heap
 def new generation   total 4608K, used 401K [0x43480000, 0x43980000, 0x4d680000)
  eden space 4096K,   9% used [0x43480000, 0x434e46e0, 0x43880000)
  from space 512K,   0% used [0x43880000, 0x43880000, 0x43900000)
  to   space 512K,   0% used [0x43900000, 0x43900000, 0x43980000)
 tenured generation   total 10496K, used 0K [0x4d680000, 0x4e0c0000, 0x61a80000)
   the space 10496K,   0% used [0x4d680000, 0x4d680000, 0x4d680200, 0x4e0c0000)
 compacting perm gen  total 4096K, used 2341K [0x61a80000, 0x61e80000, 0x65a80000)
   the space 4096K,  57% used [0x61a80000, 0x61cc9458, 0x61cc9600, 0x61e80000)
No shared spaces configured.

Code Cache  [0x41400000, 0x41428000, 0x43400000)
 total_blobs=72 nmethods=0 adapters=58 free_code_cache=33483264 largest_free_block=0

Dynamic libraries:
00008000-00010000 r-xp 00000000 b3:02 150171     /usr/lib/jvm/java-6-openjdk-armhf/jre/bin/java
00017000-00018000 r--p 00007000 b3:02 150171     /usr/lib/jvm/java-6-openjdk-armhf/jre/bin/java
00018000-00019000 rw-p 00008000 b3:02 150171     /usr/lib/jvm/java-6-openjdk-armhf/jre/bin/java
00019000-0003a000 rw-p 00000000 00:00 0          [heap]
40001000-40002000 r--p 00000000 00:00 0 
40007000-40008000 rw-p 00000000 00:00 0 
40015000-40016000 rw-p 00000000 00:00 0 
40016000-4001e000 r-xp 00000000 b3:02 150135     /usr/lib/jvm/java-6-openjdk-armhf/jre/lib/arm/libverify.so
4001e000-40025000 ---p 00008000 b3:02 150135     /usr/lib/jvm/java-6-openjdk-armhf/jre/lib/arm/libverify.so
40025000-40026000 r--p 00007000 b3:02 150135     /usr/lib/jvm/java-6-openjdk-armhf/jre/lib/arm/libverify.so
40026000-40027000 rw-p 00008000 b3:02 150135     /usr/lib/jvm/java-6-openjdk-armhf/jre/lib/arm/libverify.so
40044000-40051000 r-xp 00000000 b3:02 263342     /lib/arm-linux-gnueabihf/libnsl-2.15.so
40051000-40058000 ---p 0000d000 b3:02 263342     /lib/arm-linux-gnueabihf/libnsl-2.15.so
40058000-40059000 r--p 0000c000 b3:02 263342     /lib/arm-linux-gnueabihf/libnsl-2.15.so
40059000-4005a000 rw-p 0000d000 b3:02 263342     /lib/arm-linux-gnueabihf/libnsl-2.15.so
4005a000-4005c000 rw-p 00000000 00:00 0 
4005e000-40060000 r-xp 00000000 b3:02 263291     /lib/arm-linux-gnueabihf/libdl-2.15.so
40060000-40067000 ---p 00002000 b3:02 263291     /lib/arm-linux-gnueabihf/libdl-2.15.so
40067000-40068000 r--p 00001000 b3:02 263291     /lib/arm-linux-gnueabihf/libdl-2.15.so
40068000-40069000 rw-p 00002000 b3:02 263291     /lib/arm-linux-gnueabihf/libdl-2.15.so
40069000-40071000 r-xp 00000000 b3:02 263296     /lib/arm-linux-gnueabihf/libnss_files-2.15.so
40071000-40078000 ---p 00008000 b3:02 263296     /lib/arm-linux-gnueabihf/libnss_files-2.15.so
40078000-40079000 r--p 00007000 b3:02 263296     /lib/arm-linux-gnueabihf/libnss_files-2.15.so
40079000-4007a000 rw-p 00008000 b3:02 263296     /lib/arm-linux-gnueabihf/libnss_files-2.15.so
4007a000-40082000 rw-s 00000000 00:0f 8903       /tmp/hsperfdata_linaro/3256
40082000-40087000 r-xp 00000000 b3:02 263267     /lib/arm-linux-gnueabihf/librt-2.15.so
40087000-4008e000 ---p 00005000 b3:02 263267     /lib/arm-linux-gnueabihf/librt-2.15.so
4008e000-4008f000 r--p 00004000 b3:02 263267     /lib/arm-linux-gnueabihf/librt-2.15.so
4008f000-40090000 rw-p 00005000 b3:02 263267     /lib/arm-linux-gnueabihf/librt-2.15.so
40090000-40097000 r--s 00000000 b3:02 267050     /usr/lib/arm-linux-gnueabihf/gconv/gconv-modules.cache
4009b000-4009d000 rw-p 00000000 00:00 0 
400a5000-400a6000 r--s 00007000 b3:02 321178     /usr/share/java/java-atk-wrapper.jar
400ac000-400ad000 rw-p 00000000 00:00 0 
400ad000-400b5000 r-xp 00000000 b3:02 268110     /usr/lib/arm-linux-gnueabihf/libraw1394.so.11.0.1
400b5000-400bc000 ---p 00008000 b3:02 268110     /usr/lib/arm-linux-gnueabihf/libraw1394.so.11.0.1
400bc000-400bd000 r--p 00007000 b3:02 268110     /usr/lib/arm-linux-gnueabihf/libraw1394.so.11.0.1
400bd000-400be000 rw-p 00008000 b3:02 268110     /usr/lib/arm-linux-gnueabihf/libraw1394.so.11.0.1
400bf000-400c1000 r--s 0000f000 b3:02 149338     /usr/lib/jvm/java-6-openjdk-common/jre/lib/ext/pulse-java.jar
400c1000-400d8000 r-xp 00000000 b3:02 263289     /lib/arm-linux-gnueabihf/ld-2.15.so
400df000-400e0000 r--p 00016000 b3:02 263289     /lib/arm-linux-gnueabihf/ld-2.15.so
400e0000-400e1000 rw-p 00017000 b3:02 263289     /lib/arm-linux-gnueabihf/ld-2.15.so
400e1000-400e3000 r-xp 00000000 b3:02 150147     /usr/lib/jvm/java-6-openjdk-armhf/jre/lib/arm/jli/libjli.so
400e3000-400eb000 ---p 00002000 b3:02 150147     /usr/lib/jvm/java-6-openjdk-armhf/jre/lib/arm/jli/libjli.so
400eb000-400ec000 r--p 00002000 b3:02 150147     /usr/lib/jvm/java-6-openjdk-armhf/jre/lib/arm/jli/libjli.so
400ec000-400ed000 rw-p 00003000 b3:02 150147     /usr/lib/jvm/java-6-openjdk-armhf/jre/lib/arm/jli/libjli.so
400ed000-400fc000 r-xp 00000000 b3:02 263283     /lib/arm-linux-gnueabihf/libz.so.1.2.3.4
400fc000-40103000 ---p 0000f000 b3:02 263283     /lib/arm-linux-gnueabihf/libz.so.1.2.3.4
40103000-40104000 r--p 0000e000 b3:02 263283     /lib/arm-linux-gnueabihf/libz.so.1.2.3.4
40104000-40105000 rw-p 0000f000 b3:02 263283     /lib/arm-linux-gnueabihf/libz.so.1.2.3.4
40105000-4010a000 r-xp 00000000 b3:02 263299     /lib/arm-linux-gnueabihf/libnss_compat-2.15.so
4010a000-40111000 ---p 00005000 b3:02 263299     /lib/arm-linux-gnueabihf/libnss_compat-2.15.so
40111000-40112000 r--p 00004000 b3:02 263299     /lib/arm-linux-gnueabihf/libnss_compat-2.15.so
40112000-40113000 rw-p 00005000 b3:02 263299     /lib/arm-linux-gnueabihf/libnss_compat-2.15.so
4011c000-40124000 r-xp 00000000 b3:02 263201     /lib/arm-linux-gnueabihf/libgcc_s.so.1
40124000-4012b000 ---p 00008000 b3:02 263201     /lib/arm-linux-gnueabihf/libgcc_s.so.1
4012b000-4012c000 r--p 00007000 b3:02 263201     /lib/arm-linux-gnueabihf/libgcc_s.so.1
4012c000-4012d000 rw-p 00008000 b3:02 263201     /lib/arm-linux-gnueabihf/libgcc_s.so.1
4012d000-4014a000 r-xp 00000000 b3:02 150122     /usr/lib/jvm/java-6-openjdk-armhf/jre/lib/arm/libjava.so
4014a000-40151000 ---p 0001d000 b3:02 150122     /usr/lib/jvm/java-6-openjdk-armhf/jre/lib/arm/libjava.so
40151000-40152000 r--p 0001c000 b3:02 150122     /usr/lib/jvm/java-6-openjdk-armhf/jre/lib/arm/libjava.so
40152000-40154000 rw-p 0001d000 b3:02 150122     /usr/lib/jvm/java-6-openjdk-armhf/jre/lib/arm/libjava.so
40154000-4015b000 r-xp 00000000 b3:02 263306     /lib/arm-linux-gnueabihf/libnss_nis-2.15.so
4015b000-40162000 ---p 00007000 b3:02 263306     /lib/arm-linux-gnueabihf/libnss_nis-2.15.so
40162000-40163000 r--p 00006000 b3:02 263306     /lib/arm-linux-gnueabihf/libnss_nis-2.15.so
40163000-40164000 rw-p 00007000 b3:02 263306     /lib/arm-linux-gnueabihf/libnss_nis-2.15.so
40164000-40169000 r-xp 00000000 b3:02 150159     /usr/lib/jvm/java-6-openjdk-armhf/jre/lib/arm/libzip.so
40169000-40170000 ---p 00005000 b3:02 150159     /usr/lib/jvm/java-6-openjdk-armhf/jre/lib/arm/libzip.so
40170000-40171000 r--p 00004000 b3:02 150159     /usr/lib/jvm/java-6-openjdk-armhf/jre/lib/arm/libzip.so
40171000-40172000 rw-p 00005000 b3:02 150159     /usr/lib/jvm/java-6-openjdk-armhf/jre/lib/arm/libzip.so
40172000-40176000 r--s 00039000 b3:02 149339     /usr/lib/jvm/java-6-openjdk-common/jre/lib/ext/sunpkcs11.jar
4017f000-40180000 rw-p 00000000 00:00 0 
40180000-40214000 r-xp 00000000 b3:02 267861     /usr/lib/arm-linux-gnueabihf/libstdc++.so.6.0.16
40214000-4021c000 ---p 00094000 b3:02 267861     /usr/lib/arm-linux-gnueabihf/libstdc++.so.6.0.16
4021c000-4021f000 r--p 00094000 b3:02 267861     /usr/lib/arm-linux-gnueabihf/libstdc++.so.6.0.16
4021f000-40221000 rw-p 00097000 b3:02 267861     /usr/lib/arm-linux-gnueabihf/libstdc++.so.6.0.16
40221000-40227000 rw-p 00000000 00:00 0 
40227000-40288000 r-xp 00000000 b3:02 263303     /lib/arm-linux-gnueabihf/libm-2.15.so
40288000-4028f000 ---p 00061000 b3:02 263303     /lib/arm-linux-gnueabihf/libm-2.15.so
4028f000-40290000 r--p 00060000 b3:02 263303     /lib/arm-linux-gnueabihf/libm-2.15.so
40290000-40291000 rw-p 00061000 b3:02 263303     /lib/arm-linux-gnueabihf/libm-2.15.so
40292000-402a2000 r-xp 00000000 b3:02 263332     /lib/arm-linux-gnueabihf/libpthread-2.15.so
402a2000-402a9000 ---p 00010000 b3:02 263332     /lib/arm-linux-gnueabihf/libpthread-2.15.so
402a9000-402aa000 r--p 0000f000 b3:02 263332     /lib/arm-linux-gnueabihf/libpthread-2.15.so
402aa000-402ab000 rw-p 00010000 b3:02 263332     /lib/arm-linux-gnueabihf/libpthread-2.15.so
402ab000-402ad000 rw-p 00000000 00:00 0 
402ad000-40383000 r-xp 00000000 b3:02 263269     /lib/arm-linux-gnueabihf/libc-2.15.so
40383000-4038b000 ---p 000d6000 b3:02 263269     /lib/arm-linux-gnueabihf/libc-2.15.so
4038b000-4038d000 r--p 000d6000 b3:02 263269     /lib/arm-linux-gnueabihf/libc-2.15.so
4038d000-4038e000 rw-p 000d8000 b3:02 263269     /lib/arm-linux-gnueabihf/libc-2.15.so
4038e000-40391000 rw-p 00000000 00:00 0 
40391000-40616000 r-xp 00000000 b3:02 150134     /usr/lib/jvm/java-6-openjdk-armhf/jre/lib/arm/server/libjvm.so
40616000-4061e000 ---p 00285000 b3:02 150134     /usr/lib/jvm/java-6-openjdk-armhf/jre/lib/arm/server/libjvm.so
4061e000-4062b000 r--p 00285000 b3:02 150134     /usr/lib/jvm/java-6-openjdk-armhf/jre/lib/arm/server/libjvm.so
4062b000-4063b000 rw-p 00292000 b3:02 150134     /usr/lib/jvm/java-6-openjdk-armhf/jre/lib/arm/server/libjvm.so
4063b000-40695000 rw-p 00000000 00:00 0 
40695000-40e95000 rwxp 00000000 00:00 0 
40e95000-40e99000 ---p 00000000 00:00 0 
40e99000-41298000 rw-p 00000000 00:00 0 
41298000-412b6000 rw-p 00000000 00:00 0 
412b6000-412e9000 rw-p 00000000 00:00 0 
412e9000-412ec000 r--s 00077000 b3:02 149341     /usr/lib/jvm/java-6-openjdk-common/jre/lib/ext/localedata.jar
412ec000-412f5000 r-xp 00000000 b3:02 263343     /lib/arm-linux-gnueabihf/libusb-1.0.so.0.1.0
412f5000-412fc000 ---p 00009000 b3:02 263343     /lib/arm-linux-gnueabihf/libusb-1.0.so.0.1.0
412fc000-412fd000 r--p 00008000 b3:02 263343     /lib/arm-linux-gnueabihf/libusb-1.0.so.0.1.0
412fd000-412fe000 rw-p 00009000 b3:02 263343     /lib/arm-linux-gnueabihf/libusb-1.0.so.0.1.0
41300000-413fb000 rw-p 00000000 00:00 0 
413fb000-41400000 ---p 00000000 00:00 0 
41400000-41428000 rwxp 00000000 00:00 0 
41428000-43400000 rw-p 00000000 00:00 0 
43400000-43401000 rw-p 00000000 00:00 0 
43401000-43480000 rw-p 00000000 00:00 0 
43480000-43980000 rw-p 00000000 00:00 0 
43980000-4d680000 rw-p 00000000 00:00 0 
4d680000-4e0c0000 rw-p 00000000 00:00 0 
4e0c0000-61a80000 rw-p 00000000 00:00 0 
61a80000-61e80000 rw-p 00000000 00:00 0 
61e80000-65a80000 rw-p 00000000 00:00 0 
65a80000-65aa6000 r--p 00000000 b3:02 148966     /usr/lib/locale/C.UTF-8/LC_CTYPE
65aa6000-65aa9000 r--s 00031000 b3:02 149337     /usr/lib/jvm/java-6-openjdk-common/jre/lib/ext/sunjce_provider.jar
65aad000-65ab0000 rw-p 00000000 00:00 0 
65ab0000-65afe000 rw-p 00000000 00:00 0 
65afe000-65b04000 rw-p 00000000 00:00 0 
65b04000-65ba0000 rw-p 00000000 00:00 0 
65ba0000-65ba2000 rw-p 00000000 00:00 0 
65ba2000-65bc0000 rw-p 00000000 00:00 0 
65bc0000-65bc7000 rw-p 00000000 00:00 0 
65bc7000-65c64000 rw-p 00000000 00:00 0 
65c64000-65df6000 r--s 037d5000 b3:02 150103     /usr/lib/jvm/java-6-openjdk-armhf/jre/lib/rt.jar
65df6000-65df7000 ---p 00000000 00:00 0 
65df7000-65e76000 rw-p 00000000 00:00 0 
65e76000-65e77000 ---p 00000000 00:00 0 
65e77000-65ef6000 rw-p 00000000 00:00 0 
65ef6000-65ef8000 r--s 00001000 b3:02 149340     /usr/lib/jvm/java-6-openjdk-common/jre/lib/ext/dnsns.jar
65f0e000-65f26000 r-xp 00000000 b3:02 263337     /lib/arm-linux-gnueabihf/libpng12.so.0.46.0
65f26000-65f2d000 ---p 00018000 b3:02 263337     /lib/arm-linux-gnueabihf/libpng12.so.0.46.0
65f2d000-65f2e000 r--p 00017000 b3:02 263337     /lib/arm-linux-gnueabihf/libpng12.so.0.46.0
65f2e000-65f2f000 rw-p 00018000 b3:02 263337     /lib/arm-linux-gnueabihf/libpng12.so.0.46.0
65f59000-65f5c000 r--s 0001d000 b3:02 200339     /usr/local/share/java/lcm.jar
65f8e000-65f91000 r--s 0007f000 b3:02 146801     /usr/lib/jvm/java-6-openjdk-common/jre/lib/jsse.jar
65f91000-65fb5000 r-xp 00000000 b3:02 266713     /usr/lib/arm-linux-gnueabihf/libdc1394.so.22.1.7
65fb5000-65fbc000 ---p 00024000 b3:02 266713     /usr/lib/arm-linux-gnueabihf/libdc1394.so.22.1.7
65fbc000-65fbd000 r--p 00023000 b3:02 266713     /usr/lib/arm-linux-gnueabihf/libdc1394.so.22.1.7
65fbd000-65fbe000 rw-p 00024000 b3:02 266713     /usr/lib/arm-linux-gnueabihf/libdc1394.so.22.1.7
65fbe000-65ffe000 rw-p 00000000 00:00 0 
66000000-66021000 rw-p 00000000 00:00 0 
66021000-66100000 ---p 00000000 00:00 0 
66100000-66103000 ---p 00000000 00:00 0 
66103000-66500000 rw-p 00000000 00:00 0 
66500000-66511000 r--s 0025c000 b3:02 205528     /home/linaro/april/java/april.jar
66542000-66545000 ---p 00000000 00:00 0 
66545000-66942000 rw-p 00000000 00:00 0 
66942000-66957000 r-xp 00000000 b3:02 205824     /home/linaro/april/lib/libimagesource.so
66957000-6695e000 ---p 00015000 b3:02 205824     /home/linaro/april/lib/libimagesource.so
6695e000-6695f000 rw-p 00014000 b3:02 205824     /home/linaro/april/lib/libimagesource.so
66a00000-66a21000 rw-p 00000000 00:00 0 
66a21000-66b00000 ---p 00000000 00:00 0 
66b00000-66d00000 r--p 00000000 b3:02 208989     /usr/lib/locale/locale-archive
66d00000-66d21000 rw-p 00000000 00:00 0 
66d21000-66e00000 ---p 00000000 00:00 0 
66e00000-66e03000 ---p 00000000 00:00 0 
66e03000-67200000 rw-p 00000000 00:00 0 
672f1000-672f4000 ---p 00000000 00:00 0 
672f4000-676f1000 rw-p 00000000 00:00 0 
67700000-67721000 rw-p 00000000 00:00 0 
67721000-67800000 ---p 00000000 00:00 0 
67800000-67821000 rw-p 00000000 00:00 0 
67821000-67900000 ---p 00000000 00:00 0 
67900000-67921000 rw-p 00000000 00:00 0 
67921000-67a00000 ---p 00000000 00:00 0 
67a00000-67af3000 rw-p 00000000 00:00 0 
67af3000-67b00000 ---p 00000000 00:00 0 
67b00000-68800000 rw-p 00000000 00:00 0 
68800000-68b00000 rw-p 00000000 00:00 0 
68b00000-69900000 rw-p 00000000 00:00 0 
69900000-69b5f000 rw-p 00000000 00:00 0 
69c00000-69dcb000 rw-p 00000000 00:00 0 
69dcb000-69e00000 ---p 00000000 00:00 0 
becf9000-bed1a000 rw-p 00000000 00:00 0          [stack]
ffff0000-ffff1000 r-xp 00000000 00:00 0          [vectors]

VM Arguments:
jvm_args: -ea -Xss4m 
java_command: robot/vision/HumanMatchBot dc1394://b09d0100af05e6
Launcher Type: SUN_STANDARD

Environment Variables:
CLASSPATH=:/usr/share/java/gluegen-rt.jar:/usr/local/share/java/lcm.jar:/home/linaro/april/java/april.jar:./
PATH=/usr/local/sbin:/usr/local/bin:/usr/sbin:/usr/bin:/sbin:/bin:/usr/games
LD_LIBRARY_PATH=/usr/lib/jvm/java-6-openjdk-armhf/jre/lib/arm/server:/usr/lib/jvm/java-6-openjdk-armhf/jre/lib/arm:/usr/lib/jvm/java-6-openjdk-armhf/jre/../lib/arm::/home/linaro/april/lib
SHELL=/bin/bash

Signal Handlers:
SIGSEGV: [libjvm.so+0x23bcb9], sa_mask[0]=0x7ffbfeff, sa_flags=0x10000004
SIGBUS: [libjvm.so+0x23bcb9], sa_mask[0]=0x7ffbfeff, sa_flags=0x10000004
SIGFPE: [libjvm.so+0x1c7785], sa_mask[0]=0x7ffbfeff, sa_flags=0x10000004
SIGPIPE: [libjvm.so+0x1c7785], sa_mask[0]=0x7ffbfeff, sa_flags=0x10000004
SIGXFSZ: [libjvm.so+0x1c7785], sa_mask[0]=0x7ffbfeff, sa_flags=0x10000004
SIGILL: [libjvm.so+0x1c7785], sa_mask[0]=0x7ffbfeff, sa_flags=0x10000004
SIGUSR1: SIG_DFL, sa_mask[0]=0x00000000, sa_flags=0x00000000
SIGUSR2: [libjvm.so+0x1c78c1], sa_mask[0]=0x00000000, sa_flags=0x10000004
SIGHUP: [libjvm.so+0x1c93e5], sa_mask[0]=0x7ffbfeff, sa_flags=0x10000004
SIGINT: [libjvm.so+0x1c93e5], sa_mask[0]=0x7ffbfeff, sa_flags=0x10000004
SIGTERM: [libjvm.so+0x1c93e5], sa_mask[0]=0x7ffbfeff, sa_flags=0x10000004
SIGQUIT: [libjvm.so+0x1c93e5], sa_mask[0]=0x7ffbfeff, sa_flags=0x10000004


---------------  S Y S T E M  ---------------

OS:Ubuntu 12.11 (precise)
uname:Linux 3.0.60-odroidx #19 SMP Mon Jan 28 10:33:25 KST 2013 armv7l
libc:glibc 2.15 NPTL 2.15 
rlimit: STACK 8192k, CORE 0k, NPROC 7719, NOFILE 4096, AS infinity
load average:1.25 1.39 1.05

/proc/meminfo:
MemTotal:         991268 kB
MemFree:          253516 kB
Buffers:           21612 kB
Cached:           272788 kB
SwapCached:            0 kB
Active:           444912 kB
Inactive:         250488 kB
Active(anon):     401464 kB
Inactive(anon):     4012 kB
Active(file):      43448 kB
Inactive(file):   246476 kB
Unevictable:           0 kB
Mlocked:               0 kB
HighTotal:        293888 kB
HighFree:           1852 kB
LowTotal:         697380 kB
LowFree:          251664 kB
SwapTotal:             0 kB
SwapFree:              0 kB
Dirty:                28 kB
Writeback:             0 kB
AnonPages:        401076 kB
Mapped:            68656 kB
Shmem:              4476 kB
Slab:              17316 kB
SReclaimable:       8916 kB
SUnreclaim:         8400 kB
KernelStack:        2864 kB
PageTables:         6144 kB
NFS_Unstable:          0 kB
Bounce:                0 kB
WritebackTmp:          0 kB
CommitLimit:      495632 kB
Committed_AS:    4665140 kB
VmallocTotal:     122880 kB
VmallocUsed:       12664 kB
VmallocChunk:      89596 kB


CPU:total 4 

Memory: 4k page, physical 991268k(253516k free), swap 0k(0k free)

vm_info: OpenJDK Zero VM (20.0-b12) for linux-arm JRE (1.6.0_27-b27), built on Mar  5 2013 03:26:12 by "buildd" with gcc 4.6.3

time: Sun Apr 21 04:43:26 2013
elapsed time: 1 seconds

